<?xml version="1.0" encoding="UTF-8"?>
<testsuite xmlns:xsi="http://www.w3.org/2001/XMLSchema-instance" xsi:noNamespaceSchemaLocation="https://maven.apache.org/surefire/maven-surefire-plugin/xsd/surefire-test-report-3.0.xsd" version="3.0" name="org.sakaiproject.util.impl.FormattedTextTest" time="6.343" tests="47" errors="0" skipped="0" failures="0">
  <properties>
[...]
</properties>
  <testcase name="testHrefWithSpace" classname="org.sakaiproject.util.impl.FormattedTextTest" time="2.184">
    <system-out><![CDATA[&amp#27;[32m[INFO]&amp#27;[m 2052 [main] org.sakaiproject.util.impl.FormattedTextImpl:157 FormattedText error handling: return; log errors=false; return to tool=true; notify user=false; details to user=false
&amp#27;[32m[INFO]&amp#27;[m 2321 [main] org.owasp.validator.html.Policy:294 Attempting to load AntiSamy policy from an input stream.
&amp#27;[33m[WARN]&amp#27;[m 2631 [main] org.owasp.validator.html.Policy:56 The directive "noopenerAndNoreferrerAnchors" is not enabled by default. It is recommended to enable it to prevent reverse tabnabbing attacks.
&amp#27;[32m[INFO]&amp#27;[m 2667 [main] org.owasp.validator.html.Policy:294 Attempting to load AntiSamy policy from an input stream.
&amp#27;[33m[WARN]&amp#27;[m 2708 [main] org.owasp.validator.html.Policy:56 The directive "noopenerAndNoreferrerAnchors" is not enabled by default. It is recommended to enable it to prevent reverse tabnabbing attacks.
&amp#27;[32m[INFO]&amp#27;[m 2718 [main] org.sakaiproject.util.impl.FormattedTextImpl:198 AntiSamy INIT default security level (HIGH), policy files read: high=/home/alumno/Escritorio/kernel/kernel-impl/antisamy/high-security-policy.xml, low=/home/alumno/Escritorio/kernel/kernel-impl/antisamy/low-security-policy.xml
]]></system-out>
  </testcase>
  <testcase name="testHighLowNoneScanning" classname="org.sakaiproject.util.impl.FormattedTextTest" time="0.127">
    <system-out><![CDATA[&amp#27;[32m[INFO]&amp#27;[m 2771 [main] org.sakaiproject.util.impl.FormattedTextImpl:157 FormattedText error handling: return; log errors=false; return to tool=true; notify user=false; details to user=false
&amp#27;[32m[INFO]&amp#27;[m 2793 [main] org.owasp.validator.html.Policy:294 Attempting to load AntiSamy policy from an input stream.
&amp#27;[33m[WARN]&amp#27;[m 2834 [main] org.owasp.validator.html.Policy:56 The directive "noopenerAndNoreferrerAnchors" is not enabled by default. It is recommended to enable it to prevent reverse tabnabbing attacks.
&amp#27;[32m[INFO]&amp#27;[m 2852 [main] org.owasp.validator.html.Policy:294 Attempting to load AntiSamy policy from an input stream.
&amp#27;[33m[WARN]&amp#27;[m 2887 [main] org.owasp.validator.html.Policy:56 The directive "noopenerAndNoreferrerAnchors" is not enabled by default. It is recommended to enable it to prevent reverse tabnabbing attacks.
&amp#27;[32m[INFO]&amp#27;[m 2888 [main] org.sakaiproject.util.impl.FormattedTextImpl:198 AntiSamy INIT default security level (HIGH), policy files read: high=/home/alumno/Escritorio/kernel/kernel-impl/antisamy/high-security-policy.xml, low=/home/alumno/Escritorio/kernel/kernel-impl/antisamy/low-security-policy.xml
]]></system-out>
  </testcase>
  <testcase name="testValidateURL" classname="org.sakaiproject.util.impl.FormattedTextTest" time="0.125">
    <system-out><![CDATA[&amp#27;[32m[INFO]&amp#27;[m 2894 [main] org.sakaiproject.util.impl.FormattedTextImpl:157 FormattedText error handling: return; log errors=false; return to tool=true; notify user=false; details to user=false
&amp#27;[32m[INFO]&amp#27;[m 2912 [main] org.owasp.validator.html.Policy:294 Attempting to load AntiSamy policy from an input stream.
&amp#27;[33m[WARN]&amp#27;[m 2947 [main] org.owasp.validator.html.Policy:56 The directive "noopenerAndNoreferrerAnchors" is not enabled by default. It is recommended to enable it to prevent reverse tabnabbing attacks.
&amp#27;[32m[INFO]&amp#27;[m 2967 [main] org.owasp.validator.html.Policy:294 Attempting to load AntiSamy policy from an input stream.
&amp#27;[33m[WARN]&amp#27;[m 3004 [main] org.owasp.validator.html.Policy:56 The directive "noopenerAndNoreferrerAnchors" is not enabled by default. It is recommended to enable it to prevent reverse tabnabbing attacks.
&amp#27;[32m[INFO]&amp#27;[m 3005 [main] org.sakaiproject.util.impl.FormattedTextImpl:198 AntiSamy INIT default security level (HIGH), policy files read: high=/home/alumno/Escritorio/kernel/kernel-impl/antisamy/high-security-policy.xml, low=/home/alumno/Escritorio/kernel/kernel-impl/antisamy/low-security-policy.xml
&amp#27;[32m[INFO]&amp#27;[m 3018 [main] org.sakaiproject.util.impl.FormattedTextImpl:1344 Failure during encode of href url: java.net.MalformedURLException: no protocol: www.dr-chuck.com
&amp#27;[32m[INFO]&amp#27;[m 3018 [main] org.sakaiproject.util.impl.FormattedTextImpl:1344 Failure during encode of href url: java.net.MalformedURLException: no protocol: XXXXXXXX
]]></system-out>
  </testcase>
  <testcase name="testProcessAnchorRelative" classname="org.sakaiproject.util.impl.FormattedTextTest" time="0.15">
    <system-out><![CDATA[&amp#27;[32m[INFO]&amp#27;[m 3020 [main] org.sakaiproject.util.impl.FormattedTextImpl:157 FormattedText error handling: return; log errors=false; return to tool=true; notify user=false; details to user=false
&amp#27;[32m[INFO]&amp#27;[m 3040 [main] org.owasp.validator.html.Policy:294 Attempting to load AntiSamy policy from an input stream.
&amp#27;[33m[WARN]&amp#27;[m 3085 [main] org.owasp.validator.html.Policy:56 The directive "noopenerAndNoreferrerAnchors" is not enabled by default. It is recommended to enable it to prevent reverse tabnabbing attacks.
&amp#27;[32m[INFO]&amp#27;[m 3130 [main] org.owasp.validator.html.Policy:294 Attempting to load AntiSamy policy from an input stream.
&amp#27;[33m[WARN]&amp#27;[m 3164 [main] org.owasp.validator.html.Policy:56 The directive "noopenerAndNoreferrerAnchors" is not enabled by default. It is recommended to enable it to prevent reverse tabnabbing attacks.
&amp#27;[32m[INFO]&amp#27;[m 3165 [main] org.sakaiproject.util.impl.FormattedTextImpl:198 AntiSamy INIT default security level (HIGH), policy files read: high=/home/alumno/Escritorio/kernel/kernel-impl/antisamy/high-security-policy.xml, low=/home/alumno/Escritorio/kernel/kernel-impl/antisamy/low-security-policy.xml
]]></system-out>
  </testcase>
  <testcase name="testKNL_528" classname="org.sakaiproject.util.impl.FormattedTextTest" time="0.104">
    <system-out><![CDATA[&amp#27;[32m[INFO]&amp#27;[m 3170 [main] org.sakaiproject.util.impl.FormattedTextImpl:157 FormattedText error handling: return; log errors=false; return to tool=true; notify user=false; details to user=false
&amp#27;[32m[INFO]&amp#27;[m 3187 [main] org.owasp.validator.html.Policy:294 Attempting to load AntiSamy policy from an input stream.
&amp#27;[33m[WARN]&amp#27;[m 3220 [main] org.owasp.validator.html.Policy:56 The directive "noopenerAndNoreferrerAnchors" is not enabled by default. It is recommended to enable it to prevent reverse tabnabbing attacks.
&amp#27;[32m[INFO]&amp#27;[m 3237 [main] org.owasp.validator.html.Policy:294 Attempting to load AntiSamy policy from an input stream.
&amp#27;[33m[WARN]&amp#27;[m 3270 [main] org.owasp.validator.html.Policy:56 The directive "noopenerAndNoreferrerAnchors" is not enabled by default. It is recommended to enable it to prevent reverse tabnabbing attacks.
&amp#27;[32m[INFO]&amp#27;[m 3270 [main] org.sakaiproject.util.impl.FormattedTextImpl:198 AntiSamy INIT default security level (HIGH), policy files read: high=/home/alumno/Escritorio/kernel/kernel-impl/antisamy/high-security-policy.xml, low=/home/alumno/Escritorio/kernel/kernel-impl/antisamy/low-security-policy.xml
]]></system-out>
  </testcase>
  <testcase name="testKNL_579" classname="org.sakaiproject.util.impl.FormattedTextTest" time="0.105">
    <system-out><![CDATA[&amp#27;[32m[INFO]&amp#27;[m 3273 [main] org.sakaiproject.util.impl.FormattedTextImpl:157 FormattedText error handling: return; log errors=false; return to tool=true; notify user=false; details to user=false
&amp#27;[32m[INFO]&amp#27;[m 3291 [main] org.owasp.validator.html.Policy:294 Attempting to load AntiSamy policy from an input stream.
&amp#27;[33m[WARN]&amp#27;[m 3325 [main] org.owasp.validator.html.Policy:56 The directive "noopenerAndNoreferrerAnchors" is not enabled by default. It is recommended to enable it to prevent reverse tabnabbing attacks.
&amp#27;[32m[INFO]&amp#27;[m 3341 [main] org.owasp.validator.html.Policy:294 Attempting to load AntiSamy policy from an input stream.
&amp#27;[33m[WARN]&amp#27;[m 3374 [main] org.owasp.validator.html.Policy:56 The directive "noopenerAndNoreferrerAnchors" is not enabled by default. It is recommended to enable it to prevent reverse tabnabbing attacks.
&amp#27;[32m[INFO]&amp#27;[m 3374 [main] org.sakaiproject.util.impl.FormattedTextImpl:198 AntiSamy INIT default security level (HIGH), policy files read: high=/home/alumno/Escritorio/kernel/kernel-impl/antisamy/high-security-policy.xml, low=/home/alumno/Escritorio/kernel/kernel-impl/antisamy/low-security-policy.xml
]]></system-out>
  </testcase>
  <testcase name="testCanTakePortNumber" classname="org.sakaiproject.util.impl.FormattedTextTest" time="0.124">
    <system-out><![CDATA[&amp#27;[32m[INFO]&amp#27;[m 3377 [main] org.sakaiproject.util.impl.FormattedTextImpl:157 FormattedText error handling: return; log errors=false; return to tool=true; notify user=false; details to user=false
&amp#27;[32m[INFO]&amp#27;[m 3394 [main] org.owasp.validator.html.Policy:294 Attempting to load AntiSamy policy from an input stream.
&amp#27;[33m[WARN]&amp#27;[m 3432 [main] org.owasp.validator.html.Policy:56 The directive "noopenerAndNoreferrerAnchors" is not enabled by default. It is recommended to enable it to prevent reverse tabnabbing attacks.
&amp#27;[32m[INFO]&amp#27;[m 3447 [main] org.owasp.validator.html.Policy:294 Attempting to load AntiSamy policy from an input stream.
&amp#27;[33m[WARN]&amp#27;[m 3479 [main] org.owasp.validator.html.Policy:56 The directive "noopenerAndNoreferrerAnchors" is not enabled by default. It is recommended to enable it to prevent reverse tabnabbing attacks.
&amp#27;[32m[INFO]&amp#27;[m 3480 [main] org.sakaiproject.util.impl.FormattedTextImpl:198 AntiSamy INIT default security level (HIGH), policy files read: high=/home/alumno/Escritorio/kernel/kernel-impl/antisamy/high-security-policy.xml, low=/home/alumno/Escritorio/kernel/kernel-impl/antisamy/low-security-policy.xml
]]></system-out>
  </testcase>
  <testcase name="testProcessAnchor" classname="org.sakaiproject.util.impl.FormattedTextTest" time="0.116">
    <system-out><![CDATA[&amp#27;[32m[INFO]&amp#27;[m 3508 [main] org.sakaiproject.util.impl.FormattedTextImpl:157 FormattedText error handling: return; log errors=false; return to tool=true; notify user=false; details to user=false
&amp#27;[32m[INFO]&amp#27;[m 3526 [main] org.owasp.validator.html.Policy:294 Attempting to load AntiSamy policy from an input stream.
&amp#27;[33m[WARN]&amp#27;[m 3561 [main] org.owasp.validator.html.Policy:56 The directive "noopenerAndNoreferrerAnchors" is not enabled by default. It is recommended to enable it to prevent reverse tabnabbing attacks.
&amp#27;[32m[INFO]&amp#27;[m 3579 [main] org.owasp.validator.html.Policy:294 Attempting to load AntiSamy policy from an input stream.
&amp#27;[33m[WARN]&amp#27;[m 3614 [main] org.owasp.validator.html.Policy:56 The directive "noopenerAndNoreferrerAnchors" is not enabled by default. It is recommended to enable it to prevent reverse tabnabbing attacks.
&amp#27;[32m[INFO]&amp#27;[m 3614 [main] org.sakaiproject.util.impl.FormattedTextImpl:198 AntiSamy INIT default security level (HIGH), policy files read: high=/home/alumno/Escritorio/kernel/kernel-impl/antisamy/high-security-policy.xml, low=/home/alumno/Escritorio/kernel/kernel-impl/antisamy/low-security-policy.xml
]]></system-out>
  </testcase>
  <testcase name="testCanIgnoreTrailingExclamation" classname="org.sakaiproject.util.impl.FormattedTextTest" time="0.134">
    <system-out><![CDATA[&amp#27;[32m[INFO]&amp#27;[m 3616 [main] org.sakaiproject.util.impl.FormattedTextImpl:157 FormattedText error handling: return; log errors=false; return to tool=true; notify user=false; details to user=false
&amp#27;[32m[INFO]&amp#27;[m 3635 [main] org.owasp.validator.html.Policy:294 Attempting to load AntiSamy policy from an input stream.
&amp#27;[33m[WARN]&amp#27;[m 3666 [main] org.owasp.validator.html.Policy:56 The directive "noopenerAndNoreferrerAnchors" is not enabled by default. It is recommended to enable it to prevent reverse tabnabbing attacks.
&amp#27;[32m[INFO]&amp#27;[m 3683 [main] org.owasp.validator.html.Policy:294 Attempting to load AntiSamy policy from an input stream.
&amp#27;[33m[WARN]&amp#27;[m 3754 [main] org.owasp.validator.html.Policy:56 The directive "noopenerAndNoreferrerAnchors" is not enabled by default. It is recommended to enable it to prevent reverse tabnabbing attacks.
&amp#27;[32m[INFO]&amp#27;[m 3754 [main] org.sakaiproject.util.impl.FormattedTextImpl:198 AntiSamy INIT default security level (HIGH), policy files read: high=/home/alumno/Escritorio/kernel/kernel-impl/antisamy/high-security-policy.xml, low=/home/alumno/Escritorio/kernel/kernel-impl/antisamy/low-security-policy.xml
]]></system-out>
  </testcase>
  <testcase name="testEscapeHrefUrl" classname="org.sakaiproject.util.impl.FormattedTextTest" time="0.111">
    <system-out><![CDATA[&amp#27;[32m[INFO]&amp#27;[m 3756 [main] org.sakaiproject.util.impl.FormattedTextImpl:157 FormattedText error handling: return; log errors=false; return to tool=true; notify user=false; details to user=false
&amp#27;[32m[INFO]&amp#27;[m 3778 [main] org.owasp.validator.html.Policy:294 Attempting to load AntiSamy policy from an input stream.
&amp#27;[33m[WARN]&amp#27;[m 3812 [main] org.owasp.validator.html.Policy:56 The directive "noopenerAndNoreferrerAnchors" is not enabled by default. It is recommended to enable it to prevent reverse tabnabbing attacks.
&amp#27;[32m[INFO]&amp#27;[m 3826 [main] org.owasp.validator.html.Policy:294 Attempting to load AntiSamy policy from an input stream.
&amp#27;[33m[WARN]&amp#27;[m 3858 [main] org.owasp.validator.html.Policy:56 The directive "noopenerAndNoreferrerAnchors" is not enabled by default. It is recommended to enable it to prevent reverse tabnabbing attacks.
&amp#27;[32m[INFO]&amp#27;[m 3858 [main] org.sakaiproject.util.impl.FormattedTextImpl:198 AntiSamy INIT default security level (HIGH), policy files read: high=/home/alumno/Escritorio/kernel/kernel-impl/antisamy/high-security-policy.xml, low=/home/alumno/Escritorio/kernel/kernel-impl/antisamy/low-security-policy.xml
&amp#27;[32m[INFO]&amp#27;[m 3860 [main] org.sakaiproject.util.impl.FormattedTextImpl:1341 Failure during encode of href url: java.net.URISyntaxException: Illegal character in hostname at index 17: http://www.abc.es');alert('yo');
&amp#27;[32m[INFO]&amp#27;[m 3861 [main] org.sakaiproject.util.impl.FormattedTextImpl:1344 Failure during encode of href url: java.net.MalformedURLException: no protocol: www.abc.es
&amp#27;[32m[INFO]&amp#27;[m 3861 [main] org.sakaiproject.util.impl.FormattedTextImpl:1344 Failure during encode of href url: java.net.MalformedURLException: no protocol: wwwwwwwwww
]]></system-out>
  </testcase>
  <testcase name="testEmoji" classname="org.sakaiproject.util.impl.FormattedTextTest" time="0.519">
    <system-out><![CDATA[&amp#27;[32m[INFO]&amp#27;[m 3863 [main] org.sakaiproject.util.impl.FormattedTextImpl:157 FormattedText error handling: return; log errors=false; return to tool=true; notify user=false; details to user=false
&amp#27;[32m[INFO]&amp#27;[m 3879 [main] org.owasp.validator.html.Policy:294 Attempting to load AntiSamy policy from an input stream.
&amp#27;[33m[WARN]&amp#27;[m 3909 [main] org.owasp.validator.html.Policy:56 The directive "noopenerAndNoreferrerAnchors" is not enabled by default. It is recommended to enable it to prevent reverse tabnabbing attacks.
&amp#27;[32m[INFO]&amp#27;[m 3923 [main] org.owasp.validator.html.Policy:294 Attempting to load AntiSamy policy from an input stream.
&amp#27;[33m[WARN]&amp#27;[m 3952 [main] org.owasp.validator.html.Policy:56 The directive "noopenerAndNoreferrerAnchors" is not enabled by default. It is recommended to enable it to prevent reverse tabnabbing attacks.
&amp#27;[32m[INFO]&amp#27;[m 3952 [main] org.sakaiproject.util.impl.FormattedTextImpl:198 AntiSamy INIT default security level (HIGH), policy files read: high=/home/alumno/Escritorio/kernel/kernel-impl/antisamy/high-security-policy.xml, low=/home/alumno/Escritorio/kernel/kernel-impl/antisamy/low-security-policy.xml
&amp#27;[32m[INFO]&amp#27;[m 3953 [main] org.sakaiproject.util.impl.FormattedTextImpl:157 FormattedText error handling: return; log errors=false; return to tool=true; notify user=false; details to user=false
&amp#27;[32m[INFO]&amp#27;[m 3967 [main] org.owasp.validator.html.Policy:294 Attempting to load AntiSamy policy from an input stream.
&amp#27;[33m[WARN]&amp#27;[m 3999 [main] org.owasp.validator.html.Policy:56 The directive "noopenerAndNoreferrerAnchors" is not enabled by default. It is recommended to enable it to prevent reverse tabnabbing attacks.
&amp#27;[32m[INFO]&amp#27;[m 4012 [main] org.owasp.validator.html.Policy:294 Attempting to load AntiSamy policy from an input stream.
&amp#27;[33m[WARN]&amp#27;[m 4040 [main] org.owasp.validator.html.Policy:56 The directive "noopenerAndNoreferrerAnchors" is not enabled by default. It is recommended to enable it to prevent reverse tabnabbing attacks.
&amp#27;[32m[INFO]&amp#27;[m 4040 [main] org.sakaiproject.util.impl.FormattedTextImpl:198 AntiSamy INIT default security level (HIGH), policy files read: high=/home/alumno/Escritorio/kernel/kernel-impl/antisamy/high-security-policy.xml, low=/home/alumno/Escritorio/kernel/kernel-impl/antisamy/low-security-policy.xml
&amp#27;[32m[INFO]&amp#27;[m 4167 [main] org.sakaiproject.util.impl.FormattedTextImpl:157 FormattedText error handling: return; log errors=false; return to tool=true; notify user=false; details to user=false
&amp#27;[32m[INFO]&amp#27;[m 4182 [main] org.owasp.validator.html.Policy:294 Attempting to load AntiSamy policy from an input stream.
&amp#27;[33m[WARN]&amp#27;[m 4223 [main] org.owasp.validator.html.Policy:56 The directive "noopenerAndNoreferrerAnchors" is not enabled by default. It is recommended to enable it to prevent reverse tabnabbing attacks.
&amp#27;[32m[INFO]&amp#27;[m 4238 [main] org.owasp.validator.html.Policy:294 Attempting to load AntiSamy policy from an input stream.
&amp#27;[33m[WARN]&amp#27;[m 4269 [main] org.owasp.validator.html.Policy:56 The directive "noopenerAndNoreferrerAnchors" is not enabled by default. It is recommended to enable it to prevent reverse tabnabbing attacks.
&amp#27;[32m[INFO]&amp#27;[m 4269 [main] org.sakaiproject.util.impl.FormattedTextImpl:198 AntiSamy INIT default security level (HIGH), policy files read: high=/home/alumno/Escritorio/kernel/kernel-impl/antisamy/high-security-policy.xml, low=/home/alumno/Escritorio/kernel/kernel-impl/antisamy/low-security-policy.xml
&amp#27;[32m[INFO]&amp#27;[m 4270 [main] org.sakaiproject.util.impl.FormattedTextImpl:157 FormattedText error handling: return; log errors=false; return to tool=true; notify user=false; details to user=false
&amp#27;[32m[INFO]&amp#27;[m 4286 [main] org.owasp.validator.html.Policy:294 Attempting to load AntiSamy policy from an input stream.
&amp#27;[33m[WARN]&amp#27;[m 4322 [main] org.owasp.validator.html.Policy:56 The directive "noopenerAndNoreferrerAnchors" is not enabled by default. It is recommended to enable it to prevent reverse tabnabbing attacks.
&amp#27;[32m[INFO]&amp#27;[m 4335 [main] org.owasp.validator.html.Policy:294 Attempting to load AntiSamy policy from an input stream.
&amp#27;[33m[WARN]&amp#27;[m 4381 [main] org.owasp.validator.html.Policy:56 The directive "noopenerAndNoreferrerAnchors" is not enabled by default. It is recommended to enable it to prevent reverse tabnabbing attacks.
&amp#27;[32m[INFO]&amp#27;[m 4382 [main] org.sakaiproject.util.impl.FormattedTextImpl:198 AntiSamy INIT default security level (HIGH), policy files read: high=/home/alumno/Escritorio/kernel/kernel-impl/antisamy/high-security-policy.xml, low=/home/alumno/Escritorio/kernel/kernel-impl/antisamy/low-security-policy.xml
]]></system-out>
  </testcase>
  <testcase name="testCanTakePortNumberAndQueryString" classname="org.sakaiproject.util.impl.FormattedTextTest" time="0.073">
    <system-out><![CDATA[&amp#27;[32m[INFO]&amp#27;[m 4384 [main] org.sakaiproject.util.impl.FormattedTextImpl:157 FormattedText error handling: return; log errors=false; return to tool=true; notify user=false; details to user=false
&amp#27;[32m[INFO]&amp#27;[m 4399 [main] org.owasp.validator.html.Policy:294 Attempting to load AntiSamy policy from an input stream.
&amp#27;[33m[WARN]&amp#27;[m 4420 [main] org.owasp.validator.html.Policy:56 The directive "noopenerAndNoreferrerAnchors" is not enabled by default. It is recommended to enable it to prevent reverse tabnabbing attacks.
&amp#27;[32m[INFO]&amp#27;[m 4436 [main] org.owasp.validator.html.Policy:294 Attempting to load AntiSamy policy from an input stream.
&amp#27;[33m[WARN]&amp#27;[m 4455 [main] org.owasp.validator.html.Policy:56 The directive "noopenerAndNoreferrerAnchors" is not enabled by default. It is recommended to enable it to prevent reverse tabnabbing attacks.
&amp#27;[32m[INFO]&amp#27;[m 4455 [main] org.sakaiproject.util.impl.FormattedTextImpl:198 AntiSamy INIT default security level (HIGH), policy files read: high=/home/alumno/Escritorio/kernel/kernel-impl/antisamy/high-security-policy.xml, low=/home/alumno/Escritorio/kernel/kernel-impl/antisamy/low-security-policy.xml
]]></system-out>
  </testcase>
  <testcase name="testLocalIframeSrc" classname="org.sakaiproject.util.impl.FormattedTextTest" time="0.08">
    <system-out><![CDATA[&amp#27;[32m[INFO]&amp#27;[m 4461 [main] org.sakaiproject.util.impl.FormattedTextImpl:157 FormattedText error handling: return; log errors=false; return to tool=true; notify user=false; details to user=false
&amp#27;[32m[INFO]&amp#27;[m 4472 [main] org.owasp.validator.html.Policy:294 Attempting to load AntiSamy policy from an input stream.
&amp#27;[33m[WARN]&amp#27;[m 4495 [main] org.owasp.validator.html.Policy:56 The directive "noopenerAndNoreferrerAnchors" is not enabled by default. It is recommended to enable it to prevent reverse tabnabbing attacks.
&amp#27;[32m[INFO]&amp#27;[m 4509 [main] org.owasp.validator.html.Policy:294 Attempting to load AntiSamy policy from an input stream.
&amp#27;[33m[WARN]&amp#27;[m 4535 [main] org.owasp.validator.html.Policy:56 The directive "noopenerAndNoreferrerAnchors" is not enabled by default. It is recommended to enable it to prevent reverse tabnabbing attacks.
&amp#27;[32m[INFO]&amp#27;[m 4535 [main] org.sakaiproject.util.impl.FormattedTextImpl:198 AntiSamy INIT default security level (HIGH), policy files read: high=/home/alumno/Escritorio/kernel/kernel-impl/antisamy/high-security-policy.xml, low=/home/alumno/Escritorio/kernel/kernel-impl/antisamy/low-security-policy.xml
]]></system-out>
  </testcase>
  <testcase name="testDataAttributes" classname="org.sakaiproject.util.impl.FormattedTextTest" time="0.069">
    <system-out><![CDATA[&amp#27;[32m[INFO]&amp#27;[m 4539 [main] org.sakaiproject.util.impl.FormattedTextImpl:157 FormattedText error handling: return; log errors=false; return to tool=true; notify user=false; details to user=false
&amp#27;[32m[INFO]&amp#27;[m 4551 [main] org.owasp.validator.html.Policy:294 Attempting to load AntiSamy policy from an input stream.
&amp#27;[33m[WARN]&amp#27;[m 4571 [main] org.owasp.validator.html.Policy:56 The directive "noopenerAndNoreferrerAnchors" is not enabled by default. It is recommended to enable it to prevent reverse tabnabbing attacks.
&amp#27;[32m[INFO]&amp#27;[m 4581 [main] org.owasp.validator.html.Policy:294 Attempting to load AntiSamy policy from an input stream.
&amp#27;[33m[WARN]&amp#27;[m 4600 [main] org.owasp.validator.html.Policy:56 The directive "noopenerAndNoreferrerAnchors" is not enabled by default. It is recommended to enable it to prevent reverse tabnabbing attacks.
&amp#27;[32m[INFO]&amp#27;[m 4600 [main] org.sakaiproject.util.impl.FormattedTextImpl:198 AntiSamy INIT default security level (HIGH), policy files read: high=/home/alumno/Escritorio/kernel/kernel-impl/antisamy/high-security-policy.xml, low=/home/alumno/Escritorio/kernel/kernel-impl/antisamy/low-security-policy.xml
]]></system-out>
  </testcase>
  <testcase name="testFourByteEmojiEscaping" classname="org.sakaiproject.util.impl.FormattedTextTest" time="0.061">
    <system-out><![CDATA[&amp#27;[32m[INFO]&amp#27;[m 4609 [main] org.sakaiproject.util.impl.FormattedTextImpl:157 FormattedText error handling: return; log errors=false; return to tool=true; notify user=false; details to user=false
&amp#27;[32m[INFO]&amp#27;[m 4619 [main] org.owasp.validator.html.Policy:294 Attempting to load AntiSamy policy from an input stream.
&amp#27;[33m[WARN]&amp#27;[m 4638 [main] org.owasp.validator.html.Policy:56 The directive "noopenerAndNoreferrerAnchors" is not enabled by default. It is recommended to enable it to prevent reverse tabnabbing attacks.
&amp#27;[32m[INFO]&amp#27;[m 4647 [main] org.owasp.validator.html.Policy:294 Attempting to load AntiSamy policy from an input stream.
&amp#27;[33m[WARN]&amp#27;[m 4665 [main] org.owasp.validator.html.Policy:56 The directive "noopenerAndNoreferrerAnchors" is not enabled by default. It is recommended to enable it to prevent reverse tabnabbing attacks.
&amp#27;[32m[INFO]&amp#27;[m 4665 [main] org.sakaiproject.util.impl.FormattedTextImpl:198 AntiSamy INIT default security level (HIGH), policy files read: high=/home/alumno/Escritorio/kernel/kernel-impl/antisamy/high-security-policy.xml, low=/home/alumno/Escritorio/kernel/kernel-impl/antisamy/low-security-policy.xml
]]></system-out>
  </testcase>
  <testcase name="testStripHtmlFromText" classname="org.sakaiproject.util.impl.FormattedTextTest" time="0.14">
    <system-out><![CDATA[&amp#27;[32m[INFO]&amp#27;[m 4667 [main] org.sakaiproject.util.impl.FormattedTextImpl:157 FormattedText error handling: return; log errors=false; return to tool=true; notify user=false; details to user=false
&amp#27;[32m[INFO]&amp#27;[m 4675 [main] org.owasp.validator.html.Policy:294 Attempting to load AntiSamy policy from an input stream.
&amp#27;[33m[WARN]&amp#27;[m 4692 [main] org.owasp.validator.html.Policy:56 The directive "noopenerAndNoreferrerAnchors" is not enabled by default. It is recommended to enable it to prevent reverse tabnabbing attacks.
&amp#27;[32m[INFO]&amp#27;[m 4700 [main] org.owasp.validator.html.Policy:294 Attempting to load AntiSamy policy from an input stream.
&amp#27;[33m[WARN]&amp#27;[m 4722 [main] org.owasp.validator.html.Policy:56 The directive "noopenerAndNoreferrerAnchors" is not enabled by default. It is recommended to enable it to prevent reverse tabnabbing attacks.
&amp#27;[32m[INFO]&amp#27;[m 4723 [main] org.sakaiproject.util.impl.FormattedTextImpl:198 AntiSamy INIT default security level (HIGH), policy files read: high=/home/alumno/Escritorio/kernel/kernel-impl/antisamy/high-security-policy.xml, low=/home/alumno/Escritorio/kernel/kernel-impl/antisamy/low-security-policy.xml
]]></system-out>
  </testcase>
  <testcase name="testBasicUrlMatch" classname="org.sakaiproject.util.impl.FormattedTextTest" time="0.085">
    <system-out><![CDATA[&amp#27;[32m[INFO]&amp#27;[m 4809 [main] org.sakaiproject.util.impl.FormattedTextImpl:157 FormattedText error handling: return; log errors=false; return to tool=true; notify user=false; details to user=false
&amp#27;[32m[INFO]&amp#27;[m 4820 [main] org.owasp.validator.html.Policy:294 Attempting to load AntiSamy policy from an input stream.
&amp#27;[33m[WARN]&amp#27;[m 4846 [main] org.owasp.validator.html.Policy:56 The directive "noopenerAndNoreferrerAnchors" is not enabled by default. It is recommended to enable it to prevent reverse tabnabbing attacks.
&amp#27;[32m[INFO]&amp#27;[m 4859 [main] org.owasp.validator.html.Policy:294 Attempting to load AntiSamy policy from an input stream.
&amp#27;[33m[WARN]&amp#27;[m 4884 [main] org.owasp.validator.html.Policy:56 The directive "noopenerAndNoreferrerAnchors" is not enabled by default. It is recommended to enable it to prevent reverse tabnabbing attacks.
&amp#27;[32m[INFO]&amp#27;[m 4885 [main] org.sakaiproject.util.impl.FormattedTextImpl:198 AntiSamy INIT default security level (HIGH), policy files read: high=/home/alumno/Escritorio/kernel/kernel-impl/antisamy/high-security-policy.xml, low=/home/alumno/Escritorio/kernel/kernel-impl/antisamy/low-security-policy.xml
]]></system-out>
  </testcase>
  <testcase name="testH5PEmbed" classname="org.sakaiproject.util.impl.FormattedTextTest" time="0.084">
    <system-out><![CDATA[&amp#27;[32m[INFO]&amp#27;[m 4886 [main] org.sakaiproject.util.impl.FormattedTextImpl:157 FormattedText error handling: return; log errors=false; return to tool=true; notify user=false; details to user=false
&amp#27;[32m[INFO]&amp#27;[m 4901 [main] org.owasp.validator.html.Policy:294 Attempting to load AntiSamy policy from an input stream.
&amp#27;[33m[WARN]&amp#27;[m 4928 [main] org.owasp.validator.html.Policy:56 The directive "noopenerAndNoreferrerAnchors" is not enabled by default. It is recommended to enable it to prevent reverse tabnabbing attacks.
&amp#27;[32m[INFO]&amp#27;[m 4941 [main] org.owasp.validator.html.Policy:294 Attempting to load AntiSamy policy from an input stream.
&amp#27;[33m[WARN]&amp#27;[m 4973 [main] org.owasp.validator.html.Policy:56 The directive "noopenerAndNoreferrerAnchors" is not enabled by default. It is recommended to enable it to prevent reverse tabnabbing attacks.
&amp#27;[32m[INFO]&amp#27;[m 4973 [main] org.sakaiproject.util.impl.FormattedTextImpl:198 AntiSamy INIT default security level (HIGH), policy files read: high=/home/alumno/Escritorio/kernel/kernel-impl/antisamy/high-security-policy.xml, low=/home/alumno/Escritorio/kernel/kernel-impl/antisamy/low-security-policy.xml
]]></system-out>
  </testcase>
  <testcase name="testEscapedHtmlBeingStripped" classname="org.sakaiproject.util.impl.FormattedTextTest" time="0.076">
    <system-out><![CDATA[&amp#27;[32m[INFO]&amp#27;[m 4981 [main] org.sakaiproject.util.impl.FormattedTextImpl:157 FormattedText error handling: return; log errors=false; return to tool=true; notify user=false; details to user=false
&amp#27;[32m[INFO]&amp#27;[m 4994 [main] org.owasp.validator.html.Policy:294 Attempting to load AntiSamy policy from an input stream.
&amp#27;[33m[WARN]&amp#27;[m 5019 [main] org.owasp.validator.html.Policy:56 The directive "noopenerAndNoreferrerAnchors" is not enabled by default. It is recommended to enable it to prevent reverse tabnabbing attacks.
&amp#27;[32m[INFO]&amp#27;[m 5029 [main] org.owasp.validator.html.Policy:294 Attempting to load AntiSamy policy from an input stream.
&amp#27;[33m[WARN]&amp#27;[m 5051 [main] org.owasp.validator.html.Policy:56 The directive "noopenerAndNoreferrerAnchors" is not enabled by default. It is recommended to enable it to prevent reverse tabnabbing attacks.
&amp#27;[32m[INFO]&amp#27;[m 5051 [main] org.sakaiproject.util.impl.FormattedTextImpl:198 AntiSamy INIT default security level (HIGH), policy files read: high=/home/alumno/Escritorio/kernel/kernel-impl/antisamy/high-security-policy.xml, low=/home/alumno/Escritorio/kernel/kernel-impl/antisamy/low-security-policy.xml
]]></system-out>
  </testcase>
  <testcase name="testCanIgnoreTrailingQuestion" classname="org.sakaiproject.util.impl.FormattedTextTest" time="0.073">
    <system-out><![CDATA[&amp#27;[32m[INFO]&amp#27;[m 5054 [main] org.sakaiproject.util.impl.FormattedTextImpl:157 FormattedText error handling: return; log errors=false; return to tool=true; notify user=false; details to user=false
&amp#27;[32m[INFO]&amp#27;[m 5065 [main] org.owasp.validator.html.Policy:294 Attempting to load AntiSamy policy from an input stream.
&amp#27;[33m[WARN]&amp#27;[m 5089 [main] org.owasp.validator.html.Policy:56 The directive "noopenerAndNoreferrerAnchors" is not enabled by default. It is recommended to enable it to prevent reverse tabnabbing attacks.
&amp#27;[32m[INFO]&amp#27;[m 5100 [main] org.owasp.validator.html.Policy:294 Attempting to load AntiSamy policy from an input stream.
&amp#27;[33m[WARN]&amp#27;[m 5126 [main] org.owasp.validator.html.Policy:56 The directive "noopenerAndNoreferrerAnchors" is not enabled by default. It is recommended to enable it to prevent reverse tabnabbing attacks.
&amp#27;[32m[INFO]&amp#27;[m 5126 [main] org.sakaiproject.util.impl.FormattedTextImpl:198 AntiSamy INIT default security level (HIGH), policy files read: high=/home/alumno/Escritorio/kernel/kernel-impl/antisamy/high-security-policy.xml, low=/home/alumno/Escritorio/kernel/kernel-impl/antisamy/low-security-policy.xml
]]></system-out>
  </testcase>
  <testcase name="testHrefWithPlus" classname="org.sakaiproject.util.impl.FormattedTextTest" time="0.077">
    <system-out><![CDATA[&amp#27;[32m[INFO]&amp#27;[m 5128 [main] org.sakaiproject.util.impl.FormattedTextImpl:157 FormattedText error handling: return; log errors=false; return to tool=true; notify user=false; details to user=false
&amp#27;[32m[INFO]&amp#27;[m 5138 [main] org.owasp.validator.html.Policy:294 Attempting to load AntiSamy policy from an input stream.
&amp#27;[33m[WARN]&amp#27;[m 5162 [main] org.owasp.validator.html.Policy:56 The directive "noopenerAndNoreferrerAnchors" is not enabled by default. It is recommended to enable it to prevent reverse tabnabbing attacks.
&amp#27;[32m[INFO]&amp#27;[m 5172 [main] org.owasp.validator.html.Policy:294 Attempting to load AntiSamy policy from an input stream.
&amp#27;[33m[WARN]&amp#27;[m 5193 [main] org.owasp.validator.html.Policy:56 The directive "noopenerAndNoreferrerAnchors" is not enabled by default. It is recommended to enable it to prevent reverse tabnabbing attacks.
&amp#27;[32m[INFO]&amp#27;[m 5194 [main] org.sakaiproject.util.impl.FormattedTextImpl:198 AntiSamy INIT default security level (HIGH), policy files read: high=/home/alumno/Escritorio/kernel/kernel-impl/antisamy/high-security-policy.xml, low=/home/alumno/Escritorio/kernel/kernel-impl/antisamy/low-security-policy.xml
]]></system-out>
  </testcase>
  <testcase name="getHtmlBodyTest" classname="org.sakaiproject.util.impl.FormattedTextTest" time="0.064">
    <system-out><![CDATA[&amp#27;[32m[INFO]&amp#27;[m 5196 [main] org.sakaiproject.util.impl.FormattedTextImpl:157 FormattedText error handling: return; log errors=false; return to tool=true; notify user=false; details to user=false
&amp#27;[32m[INFO]&amp#27;[m 5207 [main] org.owasp.validator.html.Policy:294 Attempting to load AntiSamy policy from an input stream.
&amp#27;[33m[WARN]&amp#27;[m 5231 [main] org.owasp.validator.html.Policy:56 The directive "noopenerAndNoreferrerAnchors" is not enabled by default. It is recommended to enable it to prevent reverse tabnabbing attacks.
&amp#27;[32m[INFO]&amp#27;[m 5242 [main] org.owasp.validator.html.Policy:294 Attempting to load AntiSamy policy from an input stream.
&amp#27;[33m[WARN]&amp#27;[m 5265 [main] org.owasp.validator.html.Policy:56 The directive "noopenerAndNoreferrerAnchors" is not enabled by default. It is recommended to enable it to prevent reverse tabnabbing attacks.
&amp#27;[32m[INFO]&amp#27;[m 5266 [main] org.sakaiproject.util.impl.FormattedTextImpl:198 AntiSamy INIT default security level (HIGH), policy files read: high=/home/alumno/Escritorio/kernel/kernel-impl/antisamy/high-security-policy.xml, low=/home/alumno/Escritorio/kernel/kernel-impl/antisamy/low-security-policy.xml
]]></system-out>
  </testcase>
  <testcase name="testSVGWithEmbeddedJavascript" classname="org.sakaiproject.util.impl.FormattedTextTest" time="0.08">
    <system-out><![CDATA[&amp#27;[32m[INFO]&amp#27;[m 5268 [main] org.sakaiproject.util.impl.FormattedTextImpl:157 FormattedText error handling: return; log errors=false; return to tool=true; notify user=false; details to user=false
&amp#27;[32m[INFO]&amp#27;[m 5278 [main] org.owasp.validator.html.Policy:294 Attempting to load AntiSamy policy from an input stream.
&amp#27;[33m[WARN]&amp#27;[m 5309 [main] org.owasp.validator.html.Policy:56 The directive "noopenerAndNoreferrerAnchors" is not enabled by default. It is recommended to enable it to prevent reverse tabnabbing attacks.
&amp#27;[32m[INFO]&amp#27;[m 5320 [main] org.owasp.validator.html.Policy:294 Attempting to load AntiSamy policy from an input stream.
&amp#27;[33m[WARN]&amp#27;[m 5345 [main] org.owasp.validator.html.Policy:56 The directive "noopenerAndNoreferrerAnchors" is not enabled by default. It is recommended to enable it to prevent reverse tabnabbing attacks.
&amp#27;[32m[INFO]&amp#27;[m 5345 [main] org.sakaiproject.util.impl.FormattedTextImpl:198 AntiSamy INIT default security level (HIGH), policy files read: high=/home/alumno/Escritorio/kernel/kernel-impl/antisamy/high-security-policy.xml, low=/home/alumno/Escritorio/kernel/kernel-impl/antisamy/low-security-policy.xml
]]></system-out>
  </testcase>
  <testcase name="testProcessAnchorName" classname="org.sakaiproject.util.impl.FormattedTextTest" time="0.078">
    <system-out><![CDATA[&amp#27;[32m[INFO]&amp#27;[m 5347 [main] org.sakaiproject.util.impl.FormattedTextImpl:157 FormattedText error handling: return; log errors=false; return to tool=true; notify user=false; details to user=false
&amp#27;[32m[INFO]&amp#27;[m 5362 [main] org.owasp.validator.html.Policy:294 Attempting to load AntiSamy policy from an input stream.
&amp#27;[33m[WARN]&amp#27;[m 5385 [main] org.owasp.validator.html.Policy:56 The directive "noopenerAndNoreferrerAnchors" is not enabled by default. It is recommended to enable it to prevent reverse tabnabbing attacks.
&amp#27;[32m[INFO]&amp#27;[m 5394 [main] org.owasp.validator.html.Policy:294 Attempting to load AntiSamy policy from an input stream.
&amp#27;[33m[WARN]&amp#27;[m 5423 [main] org.owasp.validator.html.Policy:56 The directive "noopenerAndNoreferrerAnchors" is not enabled by default. It is recommended to enable it to prevent reverse tabnabbing attacks.
&amp#27;[32m[INFO]&amp#27;[m 5424 [main] org.sakaiproject.util.impl.FormattedTextImpl:198 AntiSamy INIT default security level (HIGH), policy files read: high=/home/alumno/Escritorio/kernel/kernel-impl/antisamy/high-security-policy.xml, low=/home/alumno/Escritorio/kernel/kernel-impl/antisamy/low-security-policy.xml
]]></system-out>
  </testcase>
  <testcase name="testCanDoSsl" classname="org.sakaiproject.util.impl.FormattedTextTest" time="0.072">
    <system-out><![CDATA[&amp#27;[32m[INFO]&amp#27;[m 5426 [main] org.sakaiproject.util.impl.FormattedTextImpl:157 FormattedText error handling: return; log errors=false; return to tool=true; notify user=false; details to user=false
&amp#27;[32m[INFO]&amp#27;[m 5439 [main] org.owasp.validator.html.Policy:294 Attempting to load AntiSamy policy from an input stream.
&amp#27;[33m[WARN]&amp#27;[m 5461 [main] org.owasp.validator.html.Policy:56 The directive "noopenerAndNoreferrerAnchors" is not enabled by default. It is recommended to enable it to prevent reverse tabnabbing attacks.
&amp#27;[32m[INFO]&amp#27;[m 5472 [main] org.owasp.validator.html.Policy:294 Attempting to load AntiSamy policy from an input stream.
&amp#27;[33m[WARN]&amp#27;[m 5495 [main] org.owasp.validator.html.Policy:56 The directive "noopenerAndNoreferrerAnchors" is not enabled by default. It is recommended to enable it to prevent reverse tabnabbing attacks.
&amp#27;[32m[INFO]&amp#27;[m 5495 [main] org.sakaiproject.util.impl.FormattedTextImpl:198 AntiSamy INIT default security level (HIGH), policy files read: high=/home/alumno/Escritorio/kernel/kernel-impl/antisamy/high-security-policy.xml, low=/home/alumno/Escritorio/kernel/kernel-impl/antisamy/low-security-policy.xml
]]></system-out>
  </testcase>
  <testcase name="testRegexTargetMatch" classname="org.sakaiproject.util.impl.FormattedTextTest" time="0.075">
    <system-out><![CDATA[&amp#27;[32m[INFO]&amp#27;[m 5501 [main] org.sakaiproject.util.impl.FormattedTextImpl:157 FormattedText error handling: return; log errors=false; return to tool=true; notify user=false; details to user=false
&amp#27;[32m[INFO]&amp#27;[m 5513 [main] org.owasp.validator.html.Policy:294 Attempting to load AntiSamy policy from an input stream.
&amp#27;[33m[WARN]&amp#27;[m 5535 [main] org.owasp.validator.html.Policy:56 The directive "noopenerAndNoreferrerAnchors" is not enabled by default. It is recommended to enable it to prevent reverse tabnabbing attacks.
&amp#27;[32m[INFO]&amp#27;[m 5545 [main] org.owasp.validator.html.Policy:294 Attempting to load AntiSamy policy from an input stream.
&amp#27;[33m[WARN]&amp#27;[m 5571 [main] org.owasp.validator.html.Policy:56 The directive "noopenerAndNoreferrerAnchors" is not enabled by default. It is recommended to enable it to prevent reverse tabnabbing attacks.
&amp#27;[32m[INFO]&amp#27;[m 5571 [main] org.sakaiproject.util.impl.FormattedTextImpl:198 AntiSamy INIT default security level (HIGH), policy files read: high=/home/alumno/Escritorio/kernel/kernel-impl/antisamy/high-security-policy.xml, low=/home/alumno/Escritorio/kernel/kernel-impl/antisamy/low-security-policy.xml
]]></system-out>
  </testcase>
  <testcase name="testProcessAnchorMailto" classname="org.sakaiproject.util.impl.FormattedTextTest" time="0.071">
    <system-out><![CDATA[&amp#27;[32m[INFO]&amp#27;[m 5577 [main] org.sakaiproject.util.impl.FormattedTextImpl:157 FormattedText error handling: return; log errors=false; return to tool=true; notify user=false; details to user=false
&amp#27;[32m[INFO]&amp#27;[m 5588 [main] org.owasp.validator.html.Policy:294 Attempting to load AntiSamy policy from an input stream.
&amp#27;[33m[WARN]&amp#27;[m 5610 [main] org.owasp.validator.html.Policy:56 The directive "noopenerAndNoreferrerAnchors" is not enabled by default. It is recommended to enable it to prevent reverse tabnabbing attacks.
&amp#27;[32m[INFO]&amp#27;[m 5620 [main] org.owasp.validator.html.Policy:294 Attempting to load AntiSamy policy from an input stream.
&amp#27;[33m[WARN]&amp#27;[m 5643 [main] org.owasp.validator.html.Policy:56 The directive "noopenerAndNoreferrerAnchors" is not enabled by default. It is recommended to enable it to prevent reverse tabnabbing attacks.
&amp#27;[32m[INFO]&amp#27;[m 5644 [main] org.sakaiproject.util.impl.FormattedTextImpl:198 AntiSamy INIT default security level (HIGH), policy files read: high=/home/alumno/Escritorio/kernel/kernel-impl/antisamy/high-security-policy.xml, low=/home/alumno/Escritorio/kernel/kernel-impl/antisamy/low-security-policy.xml
]]></system-out>
  </testcase>
  <testcase name="testKNL_1019" classname="org.sakaiproject.util.impl.FormattedTextTest" time="0.185">
    <system-out><![CDATA[&amp#27;[32m[INFO]&amp#27;[m 5647 [main] org.sakaiproject.util.impl.FormattedTextImpl:157 FormattedText error handling: return; log errors=false; return to tool=true; notify user=false; details to user=false
&amp#27;[32m[INFO]&amp#27;[m 5659 [main] org.owasp.validator.html.Policy:294 Attempting to load AntiSamy policy from an input stream.
&amp#27;[33m[WARN]&amp#27;[m 5689 [main] org.owasp.validator.html.Policy:56 The directive "noopenerAndNoreferrerAnchors" is not enabled by default. It is recommended to enable it to prevent reverse tabnabbing attacks.
&amp#27;[32m[INFO]&amp#27;[m 5700 [main] org.owasp.validator.html.Policy:294 Attempting to load AntiSamy policy from an input stream.
&amp#27;[33m[WARN]&amp#27;[m 5729 [main] org.owasp.validator.html.Policy:56 The directive "noopenerAndNoreferrerAnchors" is not enabled by default. It is recommended to enable it to prevent reverse tabnabbing attacks.
&amp#27;[32m[INFO]&amp#27;[m 5729 [main] org.sakaiproject.util.impl.FormattedTextImpl:198 AntiSamy INIT default security level (HIGH), policy files read: high=/home/alumno/Escritorio/kernel/kernel-impl/antisamy/high-security-policy.xml, low=/home/alumno/Escritorio/kernel/kernel-impl/antisamy/low-security-policy.xml
]]></system-out>
  </testcase>
  <testcase name="testKNL_1061" classname="org.sakaiproject.util.impl.FormattedTextTest" time="0.073">
    <system-out><![CDATA[&amp#27;[32m[INFO]&amp#27;[m 5833 [main] org.sakaiproject.util.impl.FormattedTextImpl:157 FormattedText error handling: return; log errors=false; return to tool=true; notify user=false; details to user=false
&amp#27;[32m[INFO]&amp#27;[m 5848 [main] org.owasp.validator.html.Policy:294 Attempting to load AntiSamy policy from an input stream.
&amp#27;[33m[WARN]&amp#27;[m 5868 [main] org.owasp.validator.html.Policy:56 The directive "noopenerAndNoreferrerAnchors" is not enabled by default. It is recommended to enable it to prevent reverse tabnabbing attacks.
&amp#27;[32m[INFO]&amp#27;[m 5878 [main] org.owasp.validator.html.Policy:294 Attempting to load AntiSamy policy from an input stream.
&amp#27;[33m[WARN]&amp#27;[m 5899 [main] org.owasp.validator.html.Policy:56 The directive "noopenerAndNoreferrerAnchors" is not enabled by default. It is recommended to enable it to prevent reverse tabnabbing attacks.
&amp#27;[32m[INFO]&amp#27;[m 5899 [main] org.sakaiproject.util.impl.FormattedTextImpl:198 AntiSamy INIT default security level (HIGH), policy files read: high=/home/alumno/Escritorio/kernel/kernel-impl/antisamy/high-security-policy.xml, low=/home/alumno/Escritorio/kernel/kernel-impl/antisamy/low-security-policy.xml
]]></system-out>
  </testcase>
  <testcase name="testKNL_1065" classname="org.sakaiproject.util.impl.FormattedTextTest" time="0.079">
    <system-out><![CDATA[&amp#27;[32m[INFO]&amp#27;[m 5902 [main] org.sakaiproject.util.impl.FormattedTextImpl:157 FormattedText error handling: return; log errors=false; return to tool=true; notify user=false; details to user=false
&amp#27;[32m[INFO]&amp#27;[m 5912 [main] org.owasp.validator.html.Policy:294 Attempting to load AntiSamy policy from an input stream.
&amp#27;[33m[WARN]&amp#27;[m 5959 [main] org.owasp.validator.html.Policy:56 The directive "noopenerAndNoreferrerAnchors" is not enabled by default. It is recommended to enable it to prevent reverse tabnabbing attacks.
&amp#27;[32m[INFO]&amp#27;[m 5967 [main] org.owasp.validator.html.Policy:294 Attempting to load AntiSamy policy from an input stream.
&amp#27;[33m[WARN]&amp#27;[m 5980 [main] org.owasp.validator.html.Policy:56 The directive "noopenerAndNoreferrerAnchors" is not enabled by default. It is recommended to enable it to prevent reverse tabnabbing attacks.
&amp#27;[32m[INFO]&amp#27;[m 5981 [main] org.sakaiproject.util.impl.FormattedTextImpl:198 AntiSamy INIT default security level (HIGH), policy files read: high=/home/alumno/Escritorio/kernel/kernel-impl/antisamy/high-security-policy.xml, low=/home/alumno/Escritorio/kernel/kernel-impl/antisamy/low-security-policy.xml
]]></system-out>
  </testcase>
  <testcase name="testKNL_1071" classname="org.sakaiproject.util.impl.FormattedTextTest" time="0.065">
    <system-out><![CDATA[&amp#27;[32m[INFO]&amp#27;[m 5983 [main] org.sakaiproject.util.impl.FormattedTextImpl:157 FormattedText error handling: return; log errors=false; return to tool=true; notify user=false; details to user=false
&amp#27;[32m[INFO]&amp#27;[m 5990 [main] org.owasp.validator.html.Policy:294 Attempting to load AntiSamy policy from an input stream.
&amp#27;[33m[WARN]&amp#27;[m 6003 [main] org.owasp.validator.html.Policy:56 The directive "noopenerAndNoreferrerAnchors" is not enabled by default. It is recommended to enable it to prevent reverse tabnabbing attacks.
&amp#27;[32m[INFO]&amp#27;[m 6011 [main] org.owasp.validator.html.Policy:294 Attempting to load AntiSamy policy from an input stream.
&amp#27;[33m[WARN]&amp#27;[m 6024 [main] org.owasp.validator.html.Policy:56 The directive "noopenerAndNoreferrerAnchors" is not enabled by default. It is recommended to enable it to prevent reverse tabnabbing attacks.
&amp#27;[32m[INFO]&amp#27;[m 6024 [main] org.sakaiproject.util.impl.FormattedTextImpl:198 AntiSamy INIT default security level (HIGH), policy files read: high=/home/alumno/Escritorio/kernel/kernel-impl/antisamy/high-security-policy.xml, low=/home/alumno/Escritorio/kernel/kernel-impl/antisamy/low-security-policy.xml
]]></system-out>
  </testcase>
  <testcase name="testKNL_1096" classname="org.sakaiproject.util.impl.FormattedTextTest" time="0.045">
    <system-out><![CDATA[&amp#27;[32m[INFO]&amp#27;[m 6046 [main] org.sakaiproject.util.impl.FormattedTextImpl:157 FormattedText error handling: return; log errors=false; return to tool=true; notify user=false; details to user=false
&amp#27;[32m[INFO]&amp#27;[m 6055 [main] org.owasp.validator.html.Policy:294 Attempting to load AntiSamy policy from an input stream.
&amp#27;[33m[WARN]&amp#27;[m 6069 [main] org.owasp.validator.html.Policy:56 The directive "noopenerAndNoreferrerAnchors" is not enabled by default. It is recommended to enable it to prevent reverse tabnabbing attacks.
&amp#27;[32m[INFO]&amp#27;[m 6076 [main] org.owasp.validator.html.Policy:294 Attempting to load AntiSamy policy from an input stream.
&amp#27;[33m[WARN]&amp#27;[m 6090 [main] org.owasp.validator.html.Policy:56 The directive "noopenerAndNoreferrerAnchors" is not enabled by default. It is recommended to enable it to prevent reverse tabnabbing attacks.
&amp#27;[32m[INFO]&amp#27;[m 6090 [main] org.sakaiproject.util.impl.FormattedTextImpl:198 AntiSamy INIT default security level (HIGH), policy files read: high=/home/alumno/Escritorio/kernel/kernel-impl/antisamy/high-security-policy.xml, low=/home/alumno/Escritorio/kernel/kernel-impl/antisamy/low-security-policy.xml
]]></system-out>
  </testcase>
  <testcase name="testKNL_1253" classname="org.sakaiproject.util.impl.FormattedTextTest" time="0.047">
    <system-out><![CDATA[&amp#27;[32m[INFO]&amp#27;[m 6092 [main] org.sakaiproject.util.impl.FormattedTextImpl:157 FormattedText error handling: return; log errors=false; return to tool=true; notify user=false; details to user=false
&amp#27;[32m[INFO]&amp#27;[m 6100 [main] org.owasp.validator.html.Policy:294 Attempting to load AntiSamy policy from an input stream.
&amp#27;[33m[WARN]&amp#27;[m 6114 [main] org.owasp.validator.html.Policy:56 The directive "noopenerAndNoreferrerAnchors" is not enabled by default. It is recommended to enable it to prevent reverse tabnabbing attacks.
&amp#27;[32m[INFO]&amp#27;[m 6123 [main] org.owasp.validator.html.Policy:294 Attempting to load AntiSamy policy from an input stream.
&amp#27;[33m[WARN]&amp#27;[m 6137 [main] org.owasp.validator.html.Policy:56 The directive "noopenerAndNoreferrerAnchors" is not enabled by default. It is recommended to enable it to prevent reverse tabnabbing attacks.
&amp#27;[32m[INFO]&amp#27;[m 6137 [main] org.sakaiproject.util.impl.FormattedTextImpl:198 AntiSamy INIT default security level (HIGH), policy files read: high=/home/alumno/Escritorio/kernel/kernel-impl/antisamy/high-security-policy.xml, low=/home/alumno/Escritorio/kernel/kernel-impl/antisamy/low-security-policy.xml
]]></system-out>
  </testcase>
  <testcase name="testKNL_1407" classname="org.sakaiproject.util.impl.FormattedTextTest" time="0.046">
    <system-out><![CDATA[&amp#27;[32m[INFO]&amp#27;[m 6140 [main] org.sakaiproject.util.impl.FormattedTextImpl:157 FormattedText error handling: return; log errors=false; return to tool=true; notify user=false; details to user=false
&amp#27;[32m[INFO]&amp#27;[m 6148 [main] org.owasp.validator.html.Policy:294 Attempting to load AntiSamy policy from an input stream.
&amp#27;[33m[WARN]&amp#27;[m 6162 [main] org.owasp.validator.html.Policy:56 The directive "noopenerAndNoreferrerAnchors" is not enabled by default. It is recommended to enable it to prevent reverse tabnabbing attacks.
&amp#27;[32m[INFO]&amp#27;[m 6169 [main] org.owasp.validator.html.Policy:294 Attempting to load AntiSamy policy from an input stream.
&amp#27;[33m[WARN]&amp#27;[m 6183 [main] org.owasp.validator.html.Policy:56 The directive "noopenerAndNoreferrerAnchors" is not enabled by default. It is recommended to enable it to prevent reverse tabnabbing attacks.
&amp#27;[32m[INFO]&amp#27;[m 6183 [main] org.sakaiproject.util.impl.FormattedTextImpl:198 AntiSamy INIT default security level (HIGH), policy files read: high=/home/alumno/Escritorio/kernel/kernel-impl/antisamy/high-security-policy.xml, low=/home/alumno/Escritorio/kernel/kernel-impl/antisamy/low-security-policy.xml
]]></system-out>
  </testcase>
  <testcase name="testKNL_1464" classname="org.sakaiproject.util.impl.FormattedTextTest" time="0.041">
    <system-out><![CDATA[&amp#27;[32m[INFO]&amp#27;[m 6185 [main] org.sakaiproject.util.impl.FormattedTextImpl:157 FormattedText error handling: return; log errors=false; return to tool=true; notify user=false; details to user=false
&amp#27;[32m[INFO]&amp#27;[m 6192 [main] org.owasp.validator.html.Policy:294 Attempting to load AntiSamy policy from an input stream.
&amp#27;[33m[WARN]&amp#27;[m 6206 [main] org.owasp.validator.html.Policy:56 The directive "noopenerAndNoreferrerAnchors" is not enabled by default. It is recommended to enable it to prevent reverse tabnabbing attacks.
&amp#27;[32m[INFO]&amp#27;[m 6214 [main] org.owasp.validator.html.Policy:294 Attempting to load AntiSamy policy from an input stream.
&amp#27;[33m[WARN]&amp#27;[m 6228 [main] org.owasp.validator.html.Policy:56 The directive "noopenerAndNoreferrerAnchors" is not enabled by default. It is recommended to enable it to prevent reverse tabnabbing attacks.
&amp#27;[32m[INFO]&amp#27;[m 6229 [main] org.sakaiproject.util.impl.FormattedTextImpl:198 AntiSamy INIT default security level (HIGH), policy files read: high=/home/alumno/Escritorio/kernel/kernel-impl/antisamy/high-security-policy.xml, low=/home/alumno/Escritorio/kernel/kernel-impl/antisamy/low-security-policy.xml
]]></system-out>
  </testcase>
  <testcase name="testKNL_1487" classname="org.sakaiproject.util.impl.FormattedTextTest" time="0.048">
    <system-out><![CDATA[&amp#27;[32m[INFO]&amp#27;[m 6231 [main] org.sakaiproject.util.impl.FormattedTextImpl:157 FormattedText error handling: return; log errors=false; return to tool=true; notify user=false; details to user=false
&amp#27;[32m[INFO]&amp#27;[m 6239 [main] org.owasp.validator.html.Policy:294 Attempting to load AntiSamy policy from an input stream.
&amp#27;[33m[WARN]&amp#27;[m 6253 [main] org.owasp.validator.html.Policy:56 The directive "noopenerAndNoreferrerAnchors" is not enabled by default. It is recommended to enable it to prevent reverse tabnabbing attacks.
&amp#27;[32m[INFO]&amp#27;[m 6261 [main] org.owasp.validator.html.Policy:294 Attempting to load AntiSamy policy from an input stream.
&amp#27;[33m[WARN]&amp#27;[m 6274 [main] org.owasp.validator.html.Policy:56 The directive "noopenerAndNoreferrerAnchors" is not enabled by default. It is recommended to enable it to prevent reverse tabnabbing attacks.
&amp#27;[32m[INFO]&amp#27;[m 6275 [main] org.sakaiproject.util.impl.FormattedTextImpl:198 AntiSamy INIT default security level (HIGH), policy files read: high=/home/alumno/Escritorio/kernel/kernel-impl/antisamy/high-security-policy.xml, low=/home/alumno/Escritorio/kernel/kernel-impl/antisamy/low-security-policy.xml
]]></system-out>
  </testcase>
  <testcase name="testKNL_1530" classname="org.sakaiproject.util.impl.FormattedTextTest" time="0.043">
    <system-out><![CDATA[&amp#27;[32m[INFO]&amp#27;[m 6276 [main] org.sakaiproject.util.impl.FormattedTextImpl:157 FormattedText error handling: return; log errors=false; return to tool=true; notify user=false; details to user=false
&amp#27;[32m[INFO]&amp#27;[m 6284 [main] org.owasp.validator.html.Policy:294 Attempting to load AntiSamy policy from an input stream.
&amp#27;[33m[WARN]&amp#27;[m 6297 [main] org.owasp.validator.html.Policy:56 The directive "noopenerAndNoreferrerAnchors" is not enabled by default. It is recommended to enable it to prevent reverse tabnabbing attacks.
&amp#27;[32m[INFO]&amp#27;[m 6305 [main] org.owasp.validator.html.Policy:294 Attempting to load AntiSamy policy from an input stream.
&amp#27;[33m[WARN]&amp#27;[m 6319 [main] org.owasp.validator.html.Policy:56 The directive "noopenerAndNoreferrerAnchors" is not enabled by default. It is recommended to enable it to prevent reverse tabnabbing attacks.
&amp#27;[32m[INFO]&amp#27;[m 6319 [main] org.sakaiproject.util.impl.FormattedTextImpl:198 AntiSamy INIT default security level (HIGH), policy files read: high=/home/alumno/Escritorio/kernel/kernel-impl/antisamy/high-security-policy.xml, low=/home/alumno/Escritorio/kernel/kernel-impl/antisamy/low-security-policy.xml
]]></system-out>
  </testcase>
  <testcase name="testKNL_1531" classname="org.sakaiproject.util.impl.FormattedTextTest" time="0.047">
    <system-out><![CDATA[&amp#27;[32m[INFO]&amp#27;[m 6322 [main] org.sakaiproject.util.impl.FormattedTextImpl:157 FormattedText error handling: return; log errors=false; return to tool=true; notify user=false; details to user=false
&amp#27;[32m[INFO]&amp#27;[m 6329 [main] org.owasp.validator.html.Policy:294 Attempting to load AntiSamy policy from an input stream.
&amp#27;[33m[WARN]&amp#27;[m 6342 [main] org.owasp.validator.html.Policy:56 The directive "noopenerAndNoreferrerAnchors" is not enabled by default. It is recommended to enable it to prevent reverse tabnabbing attacks.
&amp#27;[32m[INFO]&amp#27;[m 6350 [main] org.owasp.validator.html.Policy:294 Attempting to load AntiSamy policy from an input stream.
&amp#27;[33m[WARN]&amp#27;[m 6363 [main] org.owasp.validator.html.Policy:56 The directive "noopenerAndNoreferrerAnchors" is not enabled by default. It is recommended to enable it to prevent reverse tabnabbing attacks.
&amp#27;[32m[INFO]&amp#27;[m 6363 [main] org.sakaiproject.util.impl.FormattedTextImpl:198 AntiSamy INIT default security level (HIGH), policy files read: high=/home/alumno/Escritorio/kernel/kernel-impl/antisamy/high-security-policy.xml, low=/home/alumno/Escritorio/kernel/kernel-impl/antisamy/low-security-policy.xml
]]></system-out>
  </testcase>
  <testcase name="testGetShortenedTitles" classname="org.sakaiproject.util.impl.FormattedTextTest" time="0.061">
    <system-out><![CDATA[&amp#27;[32m[INFO]&amp#27;[m 6365 [main] org.sakaiproject.util.impl.FormattedTextImpl:157 FormattedText error handling: return; log errors=false; return to tool=true; notify user=false; details to user=false
&amp#27;[32m[INFO]&amp#27;[m 6372 [main] org.owasp.validator.html.Policy:294 Attempting to load AntiSamy policy from an input stream.
&amp#27;[33m[WARN]&amp#27;[m 6387 [main] org.owasp.validator.html.Policy:56 The directive "noopenerAndNoreferrerAnchors" is not enabled by default. It is recommended to enable it to prevent reverse tabnabbing attacks.
&amp#27;[32m[INFO]&amp#27;[m 6394 [main] org.owasp.validator.html.Policy:294 Attempting to load AntiSamy policy from an input stream.
&amp#27;[33m[WARN]&amp#27;[m 6410 [main] org.owasp.validator.html.Policy:56 The directive "noopenerAndNoreferrerAnchors" is not enabled by default. It is recommended to enable it to prevent reverse tabnabbing attacks.
&amp#27;[32m[INFO]&amp#27;[m 6411 [main] org.sakaiproject.util.impl.FormattedTextImpl:198 AntiSamy INIT default security level (HIGH), policy files read: high=/home/alumno/Escritorio/kernel/kernel-impl/antisamy/high-security-policy.xml, low=/home/alumno/Escritorio/kernel/kernel-impl/antisamy/low-security-policy.xml
]]></system-out>
  </testcase>
  <testcase name="testNullParams" classname="org.sakaiproject.util.impl.FormattedTextTest" time="0.063">
    <system-out><![CDATA[&amp#27;[32m[INFO]&amp#27;[m 6431 [main] org.sakaiproject.util.impl.FormattedTextImpl:157 FormattedText error handling: return; log errors=false; return to tool=true; notify user=false; details to user=false
&amp#27;[32m[INFO]&amp#27;[m 6442 [main] org.owasp.validator.html.Policy:294 Attempting to load AntiSamy policy from an input stream.
&amp#27;[33m[WARN]&amp#27;[m 6459 [main] org.owasp.validator.html.Policy:56 The directive "noopenerAndNoreferrerAnchors" is not enabled by default. It is recommended to enable it to prevent reverse tabnabbing attacks.
&amp#27;[32m[INFO]&amp#27;[m 6470 [main] org.owasp.validator.html.Policy:294 Attempting to load AntiSamy policy from an input stream.
&amp#27;[33m[WARN]&amp#27;[m 6488 [main] org.owasp.validator.html.Policy:56 The directive "noopenerAndNoreferrerAnchors" is not enabled by default. It is recommended to enable it to prevent reverse tabnabbing attacks.
&amp#27;[32m[INFO]&amp#27;[m 6488 [main] org.sakaiproject.util.impl.FormattedTextImpl:198 AntiSamy INIT default security level (HIGH), policy files read: high=/home/alumno/Escritorio/kernel/kernel-impl/antisamy/high-security-policy.xml, low=/home/alumno/Escritorio/kernel/kernel-impl/antisamy/low-security-policy.xml
]]></system-out>
  </testcase>
  <testcase name="testCanEncodeQueryString" classname="org.sakaiproject.util.impl.FormattedTextTest" time="0.046">
    <system-out><![CDATA[&amp#27;[32m[INFO]&amp#27;[m 6489 [main] org.sakaiproject.util.impl.FormattedTextImpl:157 FormattedText error handling: return; log errors=false; return to tool=true; notify user=false; details to user=false
&amp#27;[32m[INFO]&amp#27;[m 6497 [main] org.owasp.validator.html.Policy:294 Attempting to load AntiSamy policy from an input stream.
&amp#27;[33m[WARN]&amp#27;[m 6512 [main] org.owasp.validator.html.Policy:56 The directive "noopenerAndNoreferrerAnchors" is not enabled by default. It is recommended to enable it to prevent reverse tabnabbing attacks.
&amp#27;[32m[INFO]&amp#27;[m 6519 [main] org.owasp.validator.html.Policy:294 Attempting to load AntiSamy policy from an input stream.
&amp#27;[33m[WARN]&amp#27;[m 6534 [main] org.owasp.validator.html.Policy:56 The directive "noopenerAndNoreferrerAnchors" is not enabled by default. It is recommended to enable it to prevent reverse tabnabbing attacks.
&amp#27;[32m[INFO]&amp#27;[m 6534 [main] org.sakaiproject.util.impl.FormattedTextImpl:198 AntiSamy INIT default security level (HIGH), policy files read: high=/home/alumno/Escritorio/kernel/kernel-impl/antisamy/high-security-policy.xml, low=/home/alumno/Escritorio/kernel/kernel-impl/antisamy/low-security-policy.xml
]]></system-out>
  </testcase>
  <testcase name="testTargetNotOverridden" classname="org.sakaiproject.util.impl.FormattedTextTest" time="0.044">
    <system-out><![CDATA[&amp#27;[32m[INFO]&amp#27;[m 6535 [main] org.sakaiproject.util.impl.FormattedTextImpl:157 FormattedText error handling: return; log errors=false; return to tool=true; notify user=false; details to user=false
&amp#27;[32m[INFO]&amp#27;[m 6543 [main] org.owasp.validator.html.Policy:294 Attempting to load AntiSamy policy from an input stream.
&amp#27;[33m[WARN]&amp#27;[m 6556 [main] org.owasp.validator.html.Policy:56 The directive "noopenerAndNoreferrerAnchors" is not enabled by default. It is recommended to enable it to prevent reverse tabnabbing attacks.
&amp#27;[32m[INFO]&amp#27;[m 6563 [main] org.owasp.validator.html.Policy:294 Attempting to load AntiSamy policy from an input stream.
&amp#27;[33m[WARN]&amp#27;[m 6577 [main] org.owasp.validator.html.Policy:56 The directive "noopenerAndNoreferrerAnchors" is not enabled by default. It is recommended to enable it to prevent reverse tabnabbing attacks.
&amp#27;[32m[INFO]&amp#27;[m 6577 [main] org.sakaiproject.util.impl.FormattedTextImpl:198 AntiSamy INIT default security level (HIGH), policy files read: high=/home/alumno/Escritorio/kernel/kernel-impl/antisamy/high-security-policy.xml, low=/home/alumno/Escritorio/kernel/kernel-impl/antisamy/low-security-policy.xml
]]></system-out>
  </testcase>
  <testcase name="testSAK_18269" classname="org.sakaiproject.util.impl.FormattedTextTest" time="0.045">
    <system-out><![CDATA[&amp#27;[32m[INFO]&amp#27;[m 6581 [main] org.sakaiproject.util.impl.FormattedTextImpl:157 FormattedText error handling: return; log errors=false; return to tool=true; notify user=false; details to user=false
&amp#27;[32m[INFO]&amp#27;[m 6589 [main] org.owasp.validator.html.Policy:294 Attempting to load AntiSamy policy from an input stream.
&amp#27;[33m[WARN]&amp#27;[m 6603 [main] org.owasp.validator.html.Policy:56 The directive "noopenerAndNoreferrerAnchors" is not enabled by default. It is recommended to enable it to prevent reverse tabnabbing attacks.
&amp#27;[32m[INFO]&amp#27;[m 6611 [main] org.owasp.validator.html.Policy:294 Attempting to load AntiSamy policy from an input stream.
&amp#27;[33m[WARN]&amp#27;[m 6624 [main] org.owasp.validator.html.Policy:56 The directive "noopenerAndNoreferrerAnchors" is not enabled by default. It is recommended to enable it to prevent reverse tabnabbing attacks.
&amp#27;[32m[INFO]&amp#27;[m 6624 [main] org.sakaiproject.util.impl.FormattedTextImpl:198 AntiSamy INIT default security level (HIGH), policy files read: high=/home/alumno/Escritorio/kernel/kernel-impl/antisamy/high-security-policy.xml, low=/home/alumno/Escritorio/kernel/kernel-impl/antisamy/low-security-policy.xml
]]></system-out>
  </testcase>
  <testcase name="testCanIgnoreExistingHref" classname="org.sakaiproject.util.impl.FormattedTextTest" time="0.047">
    <system-out><![CDATA[&amp#27;[32m[INFO]&amp#27;[m 6627 [main] org.sakaiproject.util.impl.FormattedTextImpl:157 FormattedText error handling: return; log errors=false; return to tool=true; notify user=false; details to user=false
&amp#27;[32m[INFO]&amp#27;[m 6634 [main] org.owasp.validator.html.Policy:294 Attempting to load AntiSamy policy from an input stream.
&amp#27;[33m[WARN]&amp#27;[m 6647 [main] org.owasp.validator.html.Policy:56 The directive "noopenerAndNoreferrerAnchors" is not enabled by default. It is recommended to enable it to prevent reverse tabnabbing attacks.
&amp#27;[32m[INFO]&amp#27;[m 6654 [main] org.owasp.validator.html.Policy:294 Attempting to load AntiSamy policy from an input stream.
&amp#27;[33m[WARN]&amp#27;[m 6667 [main] org.owasp.validator.html.Policy:56 The directive "noopenerAndNoreferrerAnchors" is not enabled by default. It is recommended to enable it to prevent reverse tabnabbing attacks.
&amp#27;[32m[INFO]&amp#27;[m 6668 [main] org.sakaiproject.util.impl.FormattedTextImpl:198 AntiSamy INIT default security level (HIGH), policy files read: high=/home/alumno/Escritorio/kernel/kernel-impl/antisamy/high-security-policy.xml, low=/home/alumno/Escritorio/kernel/kernel-impl/antisamy/low-security-policy.xml
]]></system-out>
  </testcase>
  <testcase name="testALongUrlFromNyTimes" classname="org.sakaiproject.util.impl.FormattedTextTest" time="0.04">
    <system-out><![CDATA[&amp#27;[32m[INFO]&amp#27;[m 6669 [main] org.sakaiproject.util.impl.FormattedTextImpl:157 FormattedText error handling: return; log errors=false; return to tool=true; notify user=false; details to user=false
&amp#27;[32m[INFO]&amp#27;[m 6676 [main] org.owasp.validator.html.Policy:294 Attempting to load AntiSamy policy from an input stream.
&amp#27;[33m[WARN]&amp#27;[m 6689 [main] org.owasp.validator.html.Policy:56 The directive "noopenerAndNoreferrerAnchors" is not enabled by default. It is recommended to enable it to prevent reverse tabnabbing attacks.
&amp#27;[32m[INFO]&amp#27;[m 6696 [main] org.owasp.validator.html.Policy:294 Attempting to load AntiSamy policy from an input stream.
&amp#27;[33m[WARN]&amp#27;[m 6709 [main] org.owasp.validator.html.Policy:56 The directive "noopenerAndNoreferrerAnchors" is not enabled by default. It is recommended to enable it to prevent reverse tabnabbing attacks.
&amp#27;[32m[INFO]&amp#27;[m 6709 [main] org.sakaiproject.util.impl.FormattedTextImpl:198 AntiSamy INIT default security level (HIGH), policy files read: high=/home/alumno/Escritorio/kernel/kernel-impl/antisamy/high-security-policy.xml, low=/home/alumno/Escritorio/kernel/kernel-impl/antisamy/low-security-policy.xml
]]></system-out>
  </testcase>
  <testcase name="testAntisamyProcessFormattedText" classname="org.sakaiproject.util.impl.FormattedTextTest" time="0.056">
    <system-out><![CDATA[&amp#27;[32m[INFO]&amp#27;[m 6713 [main] org.sakaiproject.util.impl.FormattedTextImpl:157 FormattedText error handling: return; log errors=false; return to tool=true; notify user=false; details to user=false
&amp#27;[32m[INFO]&amp#27;[m 6728 [main] org.owasp.validator.html.Policy:294 Attempting to load AntiSamy policy from an input stream.
&amp#27;[33m[WARN]&amp#27;[m 6743 [main] org.owasp.validator.html.Policy:56 The directive "noopenerAndNoreferrerAnchors" is not enabled by default. It is recommended to enable it to prevent reverse tabnabbing attacks.
&amp#27;[32m[INFO]&amp#27;[m 6750 [main] org.owasp.validator.html.Policy:294 Attempting to load AntiSamy policy from an input stream.
&amp#27;[33m[WARN]&amp#27;[m 6763 [main] org.owasp.validator.html.Policy:56 The directive "noopenerAndNoreferrerAnchors" is not enabled by default. It is recommended to enable it to prevent reverse tabnabbing attacks.
&amp#27;[32m[INFO]&amp#27;[m 6764 [main] org.sakaiproject.util.impl.FormattedTextImpl:198 AntiSamy INIT default security level (HIGH), policy files read: high=/home/alumno/Escritorio/kernel/kernel-impl/antisamy/high-security-policy.xml, low=/home/alumno/Escritorio/kernel/kernel-impl/antisamy/low-security-policy.xml
]]></system-out>
  </testcase>
  <testcase name="testUnbalancedMarkup" classname="org.sakaiproject.util.impl.FormattedTextTest" time="0.048">
    <system-out><![CDATA[&amp#27;[32m[INFO]&amp#27;[m 6773 [main] org.sakaiproject.util.impl.FormattedTextImpl:157 FormattedText error handling: return; log errors=false; return to tool=true; notify user=false; details to user=false
&amp#27;[32m[INFO]&amp#27;[m 6781 [main] org.owasp.validator.html.Policy:294 Attempting to load AntiSamy policy from an input stream.
&amp#27;[33m[WARN]&amp#27;[m 6794 [main] org.owasp.validator.html.Policy:56 The directive "noopenerAndNoreferrerAnchors" is not enabled by default. It is recommended to enable it to prevent reverse tabnabbing attacks.
&amp#27;[32m[INFO]&amp#27;[m 6802 [main] org.owasp.validator.html.Policy:294 Attempting to load AntiSamy policy from an input stream.
&amp#27;[33m[WARN]&amp#27;[m 6817 [main] org.owasp.validator.html.Policy:56 The directive "noopenerAndNoreferrerAnchors" is not enabled by default. It is recommended to enable it to prevent reverse tabnabbing attacks.
&amp#27;[32m[INFO]&amp#27;[m 6817 [main] org.sakaiproject.util.impl.FormattedTextImpl:198 AntiSamy INIT default security level (HIGH), policy files read: high=/home/alumno/Escritorio/kernel/kernel-impl/antisamy/high-security-policy.xml, low=/home/alumno/Escritorio/kernel/kernel-impl/antisamy/low-security-policy.xml
]]></system-out>
  </testcase>
</testsuite>